==9394== Memcheck, a memory error detector
==9394== Copyright (C) 2002-2017, and GNU GPL'd, by Julian Seward et al.
==9394== Using Valgrind-3.18.1 and LibVEX; rerun with -h for copyright info
==9394== Command: ../Airline-Reservation-System/src/airline_reservation_system
==9394== Parent PID: 9387
==9394== 
==9394== Invalid read of size 8
==9394==    at 0x49B8F95: std::__cxx11::basic_string<char, std::char_traits<char>, std::allocator<char> >::_M_assign(std::__cxx11::basic_string<char, std::char_traits<char>, std::allocator<char> > const&) (in /usr/lib/x86_64-linux-gnu/libstdc++.so.6.0.30)
==9394==    by 0x49B94AC: std::__cxx11::basic_string<char, std::char_traits<char>, std::allocator<char> >::operator=(std::__cxx11::basic_string<char, std::char_traits<char>, std::allocator<char> > const&) (in /usr/lib/x86_64-linux-gnu/libstdc++.so.6.0.30)
==9394==    by 0x10D2CD: makeGraph::readFromFile(std::__cxx11::basic_string<char, std::char_traits<char>, std::allocator<char> >, std::__cxx11::basic_string<char, std::char_traits<char>, std::allocator<char> >, int&, Vector<List>&) (in /home/nata/Desktop/2024_Analysis_Airline-Reservation-System/Airline-Reservation-System/src/airline_reservation_system)
==9394==    by 0x11097D: Graph::Graph(std::__cxx11::basic_string<char, std::char_traits<char>, std::allocator<char> >, std::__cxx11::basic_string<char, std::char_traits<char>, std::allocator<char> >) (in /home/nata/Desktop/2024_Analysis_Airline-Reservation-System/Airline-Reservation-System/src/airline_reservation_system)
==9394==    by 0x10C07F: main (in /home/nata/Desktop/2024_Analysis_Airline-Reservation-System/Airline-Reservation-System/src/airline_reservation_system)
==9394==  Address 0x4de0378 is 0 bytes after a block of size 8 alloc'd
==9394==    at 0x484A2F3: operator new[](unsigned long) (in /usr/libexec/valgrind/vgpreload_memcheck-amd64-linux.so)
==9394==    by 0x10D1F2: makeGraph::readFromFile(std::__cxx11::basic_string<char, std::char_traits<char>, std::allocator<char> >, std::__cxx11::basic_string<char, std::char_traits<char>, std::allocator<char> >, int&, Vector<List>&) (in /home/nata/Desktop/2024_Analysis_Airline-Reservation-System/Airline-Reservation-System/src/airline_reservation_system)
==9394==    by 0x11097D: Graph::Graph(std::__cxx11::basic_string<char, std::char_traits<char>, std::allocator<char> >, std::__cxx11::basic_string<char, std::char_traits<char>, std::allocator<char> >) (in /home/nata/Desktop/2024_Analysis_Airline-Reservation-System/Airline-Reservation-System/src/airline_reservation_system)
==9394==    by 0x10C07F: main (in /home/nata/Desktop/2024_Analysis_Airline-Reservation-System/Airline-Reservation-System/src/airline_reservation_system)
==9394== 
==9394== Invalid read of size 8
==9394==    at 0x49B8FAB: std::__cxx11::basic_string<char, std::char_traits<char>, std::allocator<char> >::_M_assign(std::__cxx11::basic_string<char, std::char_traits<char>, std::allocator<char> > const&) (in /usr/lib/x86_64-linux-gnu/libstdc++.so.6.0.30)
==9394==    by 0x49B94AC: std::__cxx11::basic_string<char, std::char_traits<char>, std::allocator<char> >::operator=(std::__cxx11::basic_string<char, std::char_traits<char>, std::allocator<char> > const&) (in /usr/lib/x86_64-linux-gnu/libstdc++.so.6.0.30)
==9394==    by 0x10D2CD: makeGraph::readFromFile(std::__cxx11::basic_string<char, std::char_traits<char>, std::allocator<char> >, std::__cxx11::basic_string<char, std::char_traits<char>, std::allocator<char> >, int&, Vector<List>&) (in /home/nata/Desktop/2024_Analysis_Airline-Reservation-System/Airline-Reservation-System/src/airline_reservation_system)
==9394==    by 0x11097D: Graph::Graph(std::__cxx11::basic_string<char, std::char_traits<char>, std::allocator<char> >, std::__cxx11::basic_string<char, std::char_traits<char>, std::allocator<char> >) (in /home/nata/Desktop/2024_Analysis_Airline-Reservation-System/Airline-Reservation-System/src/airline_reservation_system)
==9394==    by 0x10C07F: main (in /home/nata/Desktop/2024_Analysis_Airline-Reservation-System/Airline-Reservation-System/src/airline_reservation_system)
==9394==  Address 0x4de0388 is 16 bytes after a block of size 8 alloc'd
==9394==    at 0x484A2F3: operator new[](unsigned long) (in /usr/libexec/valgrind/vgpreload_memcheck-amd64-linux.so)
==9394==    by 0x10D1F2: makeGraph::readFromFile(std::__cxx11::basic_string<char, std::char_traits<char>, std::allocator<char> >, std::__cxx11::basic_string<char, std::char_traits<char>, std::allocator<char> >, int&, Vector<List>&) (in /home/nata/Desktop/2024_Analysis_Airline-Reservation-System/Airline-Reservation-System/src/airline_reservation_system)
==9394==    by 0x11097D: Graph::Graph(std::__cxx11::basic_string<char, std::char_traits<char>, std::allocator<char> >, std::__cxx11::basic_string<char, std::char_traits<char>, std::allocator<char> >) (in /home/nata/Desktop/2024_Analysis_Airline-Reservation-System/Airline-Reservation-System/src/airline_reservation_system)
==9394==    by 0x10C07F: main (in /home/nata/Desktop/2024_Analysis_Airline-Reservation-System/Airline-Reservation-System/src/airline_reservation_system)
==9394== 
==9394== Invalid write of size 8
==9394==    at 0x49B8FB9: std::__cxx11::basic_string<char, std::char_traits<char>, std::allocator<char> >::_M_assign(std::__cxx11::basic_string<char, std::char_traits<char>, std::allocator<char> > const&) (in /usr/lib/x86_64-linux-gnu/libstdc++.so.6.0.30)
==9394==    by 0x49B94AC: std::__cxx11::basic_string<char, std::char_traits<char>, std::allocator<char> >::operator=(std::__cxx11::basic_string<char, std::char_traits<char>, std::allocator<char> > const&) (in /usr/lib/x86_64-linux-gnu/libstdc++.so.6.0.30)
==9394==    by 0x10D2CD: makeGraph::readFromFile(std::__cxx11::basic_string<char, std::char_traits<char>, std::allocator<char> >, std::__cxx11::basic_string<char, std::char_traits<char>, std::allocator<char> >, int&, Vector<List>&) (in /home/nata/Desktop/2024_Analysis_Airline-Reservation-System/Airline-Reservation-System/src/airline_reservation_system)
==9394==    by 0x11097D: Graph::Graph(std::__cxx11::basic_string<char, std::char_traits<char>, std::allocator<char> >, std::__cxx11::basic_string<char, std::char_traits<char>, std::allocator<char> >) (in /home/nata/Desktop/2024_Analysis_Airline-Reservation-System/Airline-Reservation-System/src/airline_reservation_system)
==9394==    by 0x10C07F: main (in /home/nata/Desktop/2024_Analysis_Airline-Reservation-System/Airline-Reservation-System/src/airline_reservation_system)
==9394==  Address 0x4de0380 is 8 bytes after a block of size 8 alloc'd
==9394==    at 0x484A2F3: operator new[](unsigned long) (in /usr/libexec/valgrind/vgpreload_memcheck-amd64-linux.so)
==9394==    by 0x10D1F2: makeGraph::readFromFile(std::__cxx11::basic_string<char, std::char_traits<char>, std::allocator<char> >, std::__cxx11::basic_string<char, std::char_traits<char>, std::allocator<char> >, int&, Vector<List>&) (in /home/nata/Desktop/2024_Analysis_Airline-Reservation-System/Airline-Reservation-System/src/airline_reservation_system)
==9394==    by 0x11097D: Graph::Graph(std::__cxx11::basic_string<char, std::char_traits<char>, std::allocator<char> >, std::__cxx11::basic_string<char, std::char_traits<char>, std::allocator<char> >) (in /home/nata/Desktop/2024_Analysis_Airline-Reservation-System/Airline-Reservation-System/src/airline_reservation_system)
==9394==    by 0x10C07F: main (in /home/nata/Desktop/2024_Analysis_Airline-Reservation-System/Airline-Reservation-System/src/airline_reservation_system)
==9394== 
==9394== Invalid write of size 1
==9394==    at 0x49B8FBD: std::__cxx11::basic_string<char, std::char_traits<char>, std::allocator<char> >::_M_assign(std::__cxx11::basic_string<char, std::char_traits<char>, std::allocator<char> > const&) (in /usr/lib/x86_64-linux-gnu/libstdc++.so.6.0.30)
==9394==    by 0x49B94AC: std::__cxx11::basic_string<char, std::char_traits<char>, std::allocator<char> >::operator=(std::__cxx11::basic_string<char, std::char_traits<char>, std::allocator<char> > const&) (in /usr/lib/x86_64-linux-gnu/libstdc++.so.6.0.30)
==9394==    by 0x10D2CD: makeGraph::readFromFile(std::__cxx11::basic_string<char, std::char_traits<char>, std::allocator<char> >, std::__cxx11::basic_string<char, std::char_traits<char>, std::allocator<char> >, int&, Vector<List>&) (in /home/nata/Desktop/2024_Analysis_Airline-Reservation-System/Airline-Reservation-System/src/airline_reservation_system)
==9394==    by 0x11097D: Graph::Graph(std::__cxx11::basic_string<char, std::char_traits<char>, std::allocator<char> >, std::__cxx11::basic_string<char, std::char_traits<char>, std::allocator<char> >) (in /home/nata/Desktop/2024_Analysis_Airline-Reservation-System/Airline-Reservation-System/src/airline_reservation_system)
==9394==    by 0x10C07F: main (in /home/nata/Desktop/2024_Analysis_Airline-Reservation-System/Airline-Reservation-System/src/airline_reservation_system)
==9394==  Address 0x0 is not stack'd, malloc'd or (recently) free'd
==9394== 
==9394== 
==9394== Process terminating with default action of signal 11 (SIGSEGV)
==9394==  Access not within mapped region at address 0x0
==9394==    at 0x49B8FBD: std::__cxx11::basic_string<char, std::char_traits<char>, std::allocator<char> >::_M_assign(std::__cxx11::basic_string<char, std::char_traits<char>, std::allocator<char> > const&) (in /usr/lib/x86_64-linux-gnu/libstdc++.so.6.0.30)
==9394==    by 0x49B94AC: std::__cxx11::basic_string<char, std::char_traits<char>, std::allocator<char> >::operator=(std::__cxx11::basic_string<char, std::char_traits<char>, std::allocator<char> > const&) (in /usr/lib/x86_64-linux-gnu/libstdc++.so.6.0.30)
==9394==    by 0x10D2CD: makeGraph::readFromFile(std::__cxx11::basic_string<char, std::char_traits<char>, std::allocator<char> >, std::__cxx11::basic_string<char, std::char_traits<char>, std::allocator<char> >, int&, Vector<List>&) (in /home/nata/Desktop/2024_Analysis_Airline-Reservation-System/Airline-Reservation-System/src/airline_reservation_system)
==9394==    by 0x11097D: Graph::Graph(std::__cxx11::basic_string<char, std::char_traits<char>, std::allocator<char> >, std::__cxx11::basic_string<char, std::char_traits<char>, std::allocator<char> >) (in /home/nata/Desktop/2024_Analysis_Airline-Reservation-System/Airline-Reservation-System/src/airline_reservation_system)
==9394==    by 0x10C07F: main (in /home/nata/Desktop/2024_Analysis_Airline-Reservation-System/Airline-Reservation-System/src/airline_reservation_system)
==9394==  If you believe this happened as a result of a stack
==9394==  overflow in your program's main thread (unlikely but
==9394==  possible), you can try to increase the size of the
==9394==  main thread stack using the --main-stacksize= flag.
==9394==  The main thread stack size used in this run was 8388608.
==9394== 
==9394== HEAP SUMMARY:
==9394==     in use at exit: 73,728 bytes in 6 blocks
==9394==   total heap usage: 8 allocs, 2 frees, 74,672 bytes allocated
==9394== 
==9394== 0 bytes in 1 blocks are still reachable in loss record 1 of 6
==9394==    at 0x484A2F3: operator new[](unsigned long) (in /usr/libexec/valgrind/vgpreload_memcheck-amd64-linux.so)
==9394==    by 0x10D24E: makeGraph::readFromFile(std::__cxx11::basic_string<char, std::char_traits<char>, std::allocator<char> >, std::__cxx11::basic_string<char, std::char_traits<char>, std::allocator<char> >, int&, Vector<List>&) (in /home/nata/Desktop/2024_Analysis_Airline-Reservation-System/Airline-Reservation-System/src/airline_reservation_system)
==9394==    by 0x11097D: Graph::Graph(std::__cxx11::basic_string<char, std::char_traits<char>, std::allocator<char> >, std::__cxx11::basic_string<char, std::char_traits<char>, std::allocator<char> >) (in /home/nata/Desktop/2024_Analysis_Airline-Reservation-System/Airline-Reservation-System/src/airline_reservation_system)
==9394==    by 0x10C07F: main (in /home/nata/Desktop/2024_Analysis_Airline-Reservation-System/Airline-Reservation-System/src/airline_reservation_system)
==9394== 
==9394== 8 bytes in 1 blocks are still reachable in loss record 2 of 6
==9394==    at 0x484A2F3: operator new[](unsigned long) (in /usr/libexec/valgrind/vgpreload_memcheck-amd64-linux.so)
==9394==    by 0x10D1F2: makeGraph::readFromFile(std::__cxx11::basic_string<char, std::char_traits<char>, std::allocator<char> >, std::__cxx11::basic_string<char, std::char_traits<char>, std::allocator<char> >, int&, Vector<List>&) (in /home/nata/Desktop/2024_Analysis_Airline-Reservation-System/Airline-Reservation-System/src/airline_reservation_system)
==9394==    by 0x11097D: Graph::Graph(std::__cxx11::basic_string<char, std::char_traits<char>, std::allocator<char> >, std::__cxx11::basic_string<char, std::char_traits<char>, std::allocator<char> >) (in /home/nata/Desktop/2024_Analysis_Airline-Reservation-System/Airline-Reservation-System/src/airline_reservation_system)
==9394==    by 0x10C07F: main (in /home/nata/Desktop/2024_Analysis_Airline-Reservation-System/Airline-Reservation-System/src/airline_reservation_system)
==9394== 
==9394== 24 bytes in 1 blocks are still reachable in loss record 3 of 6
==9394==    at 0x4849013: operator new(unsigned long) (in /usr/libexec/valgrind/vgpreload_memcheck-amd64-linux.so)
==9394==    by 0x1189CD: void std::__cxx11::basic_string<char, std::char_traits<char>, std::allocator<char> >::_M_construct<char const*>(char const*, char const*, std::forward_iterator_tag) (in /home/nata/Desktop/2024_Analysis_Airline-Reservation-System/Airline-Reservation-System/src/airline_reservation_system)
==9394==    by 0x117B7E: std::__cxx11::basic_string<char, std::char_traits<char>, std::allocator<char> >::basic_string<std::allocator<char> >(char const*, std::allocator<char> const&) (in /home/nata/Desktop/2024_Analysis_Airline-Reservation-System/Airline-Reservation-System/src/airline_reservation_system)
==9394==    by 0x10C03C: main (in /home/nata/Desktop/2024_Analysis_Airline-Reservation-System/Airline-Reservation-System/src/airline_reservation_system)
==9394== 
==9394== 24 bytes in 1 blocks are still reachable in loss record 4 of 6
==9394==    at 0x4849013: operator new(unsigned long) (in /usr/libexec/valgrind/vgpreload_memcheck-amd64-linux.so)
==9394==    by 0x49BC109: void std::__cxx11::basic_string<char, std::char_traits<char>, std::allocator<char> >::_M_construct<char*>(char*, char*, std::forward_iterator_tag) (in /usr/lib/x86_64-linux-gnu/libstdc++.so.6.0.30)
==9394==    by 0x110950: Graph::Graph(std::__cxx11::basic_string<char, std::char_traits<char>, std::allocator<char> >, std::__cxx11::basic_string<char, std::char_traits<char>, std::allocator<char> >) (in /home/nata/Desktop/2024_Analysis_Airline-Reservation-System/Airline-Reservation-System/src/airline_reservation_system)
==9394==    by 0x10C07F: main (in /home/nata/Desktop/2024_Analysis_Airline-Reservation-System/Airline-Reservation-System/src/airline_reservation_system)
==9394== 
==9394== 968 bytes in 1 blocks are still reachable in loss record 5 of 6
==9394==    at 0x484A2F3: operator new[](unsigned long) (in /usr/libexec/valgrind/vgpreload_memcheck-amd64-linux.so)
==9394==    by 0x11848A: Vector<List>::Vector(int) (in /home/nata/Desktop/2024_Analysis_Airline-Reservation-System/Airline-Reservation-System/src/airline_reservation_system)
==9394==    by 0x110923: Graph::Graph(std::__cxx11::basic_string<char, std::char_traits<char>, std::allocator<char> >, std::__cxx11::basic_string<char, std::char_traits<char>, std::allocator<char> >) (in /home/nata/Desktop/2024_Analysis_Airline-Reservation-System/Airline-Reservation-System/src/airline_reservation_system)
==9394==    by 0x10C07F: main (in /home/nata/Desktop/2024_Analysis_Airline-Reservation-System/Airline-Reservation-System/src/airline_reservation_system)
==9394== 
==9394== 72,704 bytes in 1 blocks are still reachable in loss record 6 of 6
==9394==    at 0x4848899: malloc (in /usr/libexec/valgrind/vgpreload_memcheck-amd64-linux.so)
==9394==    by 0x4917939: ??? (in /usr/lib/x86_64-linux-gnu/libstdc++.so.6.0.30)
==9394==    by 0x400647D: call_init.part.0 (dl-init.c:70)
==9394==    by 0x4006567: call_init (dl-init.c:33)
==9394==    by 0x4006567: _dl_init (dl-init.c:117)
==9394==    by 0x40202C9: ??? (in /usr/lib/x86_64-linux-gnu/ld-linux-x86-64.so.2)
==9394== 
==9394== LEAK SUMMARY:
==9394==    definitely lost: 0 bytes in 0 blocks
==9394==    indirectly lost: 0 bytes in 0 blocks
==9394==      possibly lost: 0 bytes in 0 blocks
==9394==    still reachable: 73,728 bytes in 6 blocks
==9394==                       of which reachable via heuristic:
==9394==                         newarray           : 968 bytes in 1 blocks
==9394==         suppressed: 0 bytes in 0 blocks
==9394== 
==9394== For lists of detected and suppressed errors, rerun with: -s
==9394== ERROR SUMMARY: 4 errors from 4 contexts (suppressed: 0 from 0)
