==13225== Memcheck, a memory error detector
==13225== Copyright (C) 2002-2017, and GNU GPL'd, by Julian Seward et al.
==13225== Using Valgrind-3.18.1 and LibVEX; rerun with -h for copyright info
==13225== Command: ../Airline-Reservation-System/src/airline_reservation_system
==13225== Parent PID: 13218
==13225== 
==13225== Invalid read of size 8
==13225==    at 0x49B9F95: std::__cxx11::basic_string<char, std::char_traits<char>, std::allocator<char> >::_M_assign(std::__cxx11::basic_string<char, std::char_traits<char>, std::allocator<char> > const&) (in /usr/lib/x86_64-linux-gnu/libstdc++.so.6.0.30)
==13225==    by 0x49BA4AC: std::__cxx11::basic_string<char, std::char_traits<char>, std::allocator<char> >::operator=(std::__cxx11::basic_string<char, std::char_traits<char>, std::allocator<char> > const&) (in /usr/lib/x86_64-linux-gnu/libstdc++.so.6.0.30)
==13225==    by 0x10D2CD: makeGraph::readFromFile(std::__cxx11::basic_string<char, std::char_traits<char>, std::allocator<char> >, std::__cxx11::basic_string<char, std::char_traits<char>, std::allocator<char> >, int&, Vector<List>&) (makeGraph.h:34)
==13225==    by 0x11098B: Graph::Graph(std::__cxx11::basic_string<char, std::char_traits<char>, std::allocator<char> >, std::__cxx11::basic_string<char, std::char_traits<char>, std::allocator<char> >) (Graph.h:241)
==13225==    by 0x10C07F: main (Main.cpp:8)
==13225==  Address 0x4de1378 is 0 bytes after a block of size 8 alloc'd
==13225==    at 0x484A2F3: operator new[](unsigned long) (in /usr/libexec/valgrind/vgpreload_memcheck-amd64-linux.so)
==13225==    by 0x10D1F2: makeGraph::readFromFile(std::__cxx11::basic_string<char, std::char_traits<char>, std::allocator<char> >, std::__cxx11::basic_string<char, std::char_traits<char>, std::allocator<char> >, int&, Vector<List>&) (makeGraph.h:26)
==13225==    by 0x11098B: Graph::Graph(std::__cxx11::basic_string<char, std::char_traits<char>, std::allocator<char> >, std::__cxx11::basic_string<char, std::char_traits<char>, std::allocator<char> >) (Graph.h:241)
==13225==    by 0x10C07F: main (Main.cpp:8)
==13225== 
==13225== Invalid read of size 8
==13225==    at 0x49B9FAB: std::__cxx11::basic_string<char, std::char_traits<char>, std::allocator<char> >::_M_assign(std::__cxx11::basic_string<char, std::char_traits<char>, std::allocator<char> > const&) (in /usr/lib/x86_64-linux-gnu/libstdc++.so.6.0.30)
==13225==    by 0x49BA4AC: std::__cxx11::basic_string<char, std::char_traits<char>, std::allocator<char> >::operator=(std::__cxx11::basic_string<char, std::char_traits<char>, std::allocator<char> > const&) (in /usr/lib/x86_64-linux-gnu/libstdc++.so.6.0.30)
==13225==    by 0x10D2CD: makeGraph::readFromFile(std::__cxx11::basic_string<char, std::char_traits<char>, std::allocator<char> >, std::__cxx11::basic_string<char, std::char_traits<char>, std::allocator<char> >, int&, Vector<List>&) (makeGraph.h:34)
==13225==    by 0x11098B: Graph::Graph(std::__cxx11::basic_string<char, std::char_traits<char>, std::allocator<char> >, std::__cxx11::basic_string<char, std::char_traits<char>, std::allocator<char> >) (Graph.h:241)
==13225==    by 0x10C07F: main (Main.cpp:8)
==13225==  Address 0x4de1388 is 16 bytes after a block of size 8 alloc'd
==13225==    at 0x484A2F3: operator new[](unsigned long) (in /usr/libexec/valgrind/vgpreload_memcheck-amd64-linux.so)
==13225==    by 0x10D1F2: makeGraph::readFromFile(std::__cxx11::basic_string<char, std::char_traits<char>, std::allocator<char> >, std::__cxx11::basic_string<char, std::char_traits<char>, std::allocator<char> >, int&, Vector<List>&) (makeGraph.h:26)
==13225==    by 0x11098B: Graph::Graph(std::__cxx11::basic_string<char, std::char_traits<char>, std::allocator<char> >, std::__cxx11::basic_string<char, std::char_traits<char>, std::allocator<char> >) (Graph.h:241)
==13225==    by 0x10C07F: main (Main.cpp:8)
==13225== 
==13225== Invalid write of size 8
==13225==    at 0x49B9FB9: std::__cxx11::basic_string<char, std::char_traits<char>, std::allocator<char> >::_M_assign(std::__cxx11::basic_string<char, std::char_traits<char>, std::allocator<char> > const&) (in /usr/lib/x86_64-linux-gnu/libstdc++.so.6.0.30)
==13225==    by 0x49BA4AC: std::__cxx11::basic_string<char, std::char_traits<char>, std::allocator<char> >::operator=(std::__cxx11::basic_string<char, std::char_traits<char>, std::allocator<char> > const&) (in /usr/lib/x86_64-linux-gnu/libstdc++.so.6.0.30)
==13225==    by 0x10D2CD: makeGraph::readFromFile(std::__cxx11::basic_string<char, std::char_traits<char>, std::allocator<char> >, std::__cxx11::basic_string<char, std::char_traits<char>, std::allocator<char> >, int&, Vector<List>&) (makeGraph.h:34)
==13225==    by 0x11098B: Graph::Graph(std::__cxx11::basic_string<char, std::char_traits<char>, std::allocator<char> >, std::__cxx11::basic_string<char, std::char_traits<char>, std::allocator<char> >) (Graph.h:241)
==13225==    by 0x10C07F: main (Main.cpp:8)
==13225==  Address 0x4de1380 is 8 bytes after a block of size 8 alloc'd
==13225==    at 0x484A2F3: operator new[](unsigned long) (in /usr/libexec/valgrind/vgpreload_memcheck-amd64-linux.so)
==13225==    by 0x10D1F2: makeGraph::readFromFile(std::__cxx11::basic_string<char, std::char_traits<char>, std::allocator<char> >, std::__cxx11::basic_string<char, std::char_traits<char>, std::allocator<char> >, int&, Vector<List>&) (makeGraph.h:26)
==13225==    by 0x11098B: Graph::Graph(std::__cxx11::basic_string<char, std::char_traits<char>, std::allocator<char> >, std::__cxx11::basic_string<char, std::char_traits<char>, std::allocator<char> >) (Graph.h:241)
==13225==    by 0x10C07F: main (Main.cpp:8)
==13225== 
==13225== Invalid write of size 1
==13225==    at 0x49B9FBD: std::__cxx11::basic_string<char, std::char_traits<char>, std::allocator<char> >::_M_assign(std::__cxx11::basic_string<char, std::char_traits<char>, std::allocator<char> > const&) (in /usr/lib/x86_64-linux-gnu/libstdc++.so.6.0.30)
==13225==    by 0x49BA4AC: std::__cxx11::basic_string<char, std::char_traits<char>, std::allocator<char> >::operator=(std::__cxx11::basic_string<char, std::char_traits<char>, std::allocator<char> > const&) (in /usr/lib/x86_64-linux-gnu/libstdc++.so.6.0.30)
==13225==    by 0x10D2CD: makeGraph::readFromFile(std::__cxx11::basic_string<char, std::char_traits<char>, std::allocator<char> >, std::__cxx11::basic_string<char, std::char_traits<char>, std::allocator<char> >, int&, Vector<List>&) (makeGraph.h:34)
==13225==    by 0x11098B: Graph::Graph(std::__cxx11::basic_string<char, std::char_traits<char>, std::allocator<char> >, std::__cxx11::basic_string<char, std::char_traits<char>, std::allocator<char> >) (Graph.h:241)
==13225==    by 0x10C07F: main (Main.cpp:8)
==13225==  Address 0x0 is not stack'd, malloc'd or (recently) free'd
==13225== 
==13225== 
==13225== Process terminating with default action of signal 11 (SIGSEGV)
==13225==  Access not within mapped region at address 0x0
==13225==    at 0x49B9FBD: std::__cxx11::basic_string<char, std::char_traits<char>, std::allocator<char> >::_M_assign(std::__cxx11::basic_string<char, std::char_traits<char>, std::allocator<char> > const&) (in /usr/lib/x86_64-linux-gnu/libstdc++.so.6.0.30)
==13225==    by 0x49BA4AC: std::__cxx11::basic_string<char, std::char_traits<char>, std::allocator<char> >::operator=(std::__cxx11::basic_string<char, std::char_traits<char>, std::allocator<char> > const&) (in /usr/lib/x86_64-linux-gnu/libstdc++.so.6.0.30)
==13225==    by 0x10D2CD: makeGraph::readFromFile(std::__cxx11::basic_string<char, std::char_traits<char>, std::allocator<char> >, std::__cxx11::basic_string<char, std::char_traits<char>, std::allocator<char> >, int&, Vector<List>&) (makeGraph.h:34)
==13225==    by 0x11098B: Graph::Graph(std::__cxx11::basic_string<char, std::char_traits<char>, std::allocator<char> >, std::__cxx11::basic_string<char, std::char_traits<char>, std::allocator<char> >) (Graph.h:241)
==13225==    by 0x10C07F: main (Main.cpp:8)
==13225==  If you believe this happened as a result of a stack
==13225==  overflow in your program's main thread (unlikely but
==13225==  possible), you can try to increase the size of the
==13225==  main thread stack using the --main-stacksize= flag.
==13225==  The main thread stack size used in this run was 8388608.
==13225== 
==13225== HEAP SUMMARY:
==13225==     in use at exit: 73,728 bytes in 6 blocks
==13225==   total heap usage: 8 allocs, 2 frees, 74,672 bytes allocated
==13225== 
==13225== 0 bytes in 1 blocks are still reachable in loss record 1 of 6
==13225==    at 0x484A2F3: operator new[](unsigned long) (in /usr/libexec/valgrind/vgpreload_memcheck-amd64-linux.so)
==13225==    by 0x10D24E: makeGraph::readFromFile(std::__cxx11::basic_string<char, std::char_traits<char>, std::allocator<char> >, std::__cxx11::basic_string<char, std::char_traits<char>, std::allocator<char> >, int&, Vector<List>&) (makeGraph.h:27)
==13225==    by 0x11098B: Graph::Graph(std::__cxx11::basic_string<char, std::char_traits<char>, std::allocator<char> >, std::__cxx11::basic_string<char, std::char_traits<char>, std::allocator<char> >) (Graph.h:241)
==13225==    by 0x10C07F: main (Main.cpp:8)
==13225== 
==13225== 8 bytes in 1 blocks are still reachable in loss record 2 of 6
==13225==    at 0x484A2F3: operator new[](unsigned long) (in /usr/libexec/valgrind/vgpreload_memcheck-amd64-linux.so)
==13225==    by 0x10D1F2: makeGraph::readFromFile(std::__cxx11::basic_string<char, std::char_traits<char>, std::allocator<char> >, std::__cxx11::basic_string<char, std::char_traits<char>, std::allocator<char> >, int&, Vector<List>&) (makeGraph.h:26)
==13225==    by 0x11098B: Graph::Graph(std::__cxx11::basic_string<char, std::char_traits<char>, std::allocator<char> >, std::__cxx11::basic_string<char, std::char_traits<char>, std::allocator<char> >) (Graph.h:241)
==13225==    by 0x10C07F: main (Main.cpp:8)
==13225== 
==13225== 24 bytes in 1 blocks are still reachable in loss record 3 of 6
==13225==    at 0x4849013: operator new(unsigned long) (in /usr/libexec/valgrind/vgpreload_memcheck-amd64-linux.so)
==13225==    by 0x1189F1: void std::__cxx11::basic_string<char, std::char_traits<char>, std::allocator<char> >::_M_construct<char const*>(char const*, char const*, std::forward_iterator_tag) (basic_string.tcc:219)
==13225==    by 0x117B8C: std::__cxx11::basic_string<char, std::char_traits<char>, std::allocator<char> >::basic_string<std::allocator<char> >(char const*, std::allocator<char> const&) (basic_string.h:539)
==13225==    by 0x10C03C: main (Main.cpp:8)
==13225== 
==13225== 24 bytes in 1 blocks are still reachable in loss record 4 of 6
==13225==    at 0x4849013: operator new(unsigned long) (in /usr/libexec/valgrind/vgpreload_memcheck-amd64-linux.so)
==13225==    by 0x49BD109: void std::__cxx11::basic_string<char, std::char_traits<char>, std::allocator<char> >::_M_construct<char*>(char*, char*, std::forward_iterator_tag) (in /usr/lib/x86_64-linux-gnu/libstdc++.so.6.0.30)
==13225==    by 0x11095E: Graph::Graph(std::__cxx11::basic_string<char, std::char_traits<char>, std::allocator<char> >, std::__cxx11::basic_string<char, std::char_traits<char>, std::allocator<char> >) (Graph.h:241)
==13225==    by 0x10C07F: main (Main.cpp:8)
==13225== 
==13225== 968 bytes in 1 blocks are still reachable in loss record 5 of 6
==13225==    at 0x484A2F3: operator new[](unsigned long) (in /usr/libexec/valgrind/vgpreload_memcheck-amd64-linux.so)
==13225==    by 0x118498: Vector<List>::Vector(int) (Vector.h:9)
==13225==    by 0x110931: Graph::Graph(std::__cxx11::basic_string<char, std::char_traits<char>, std::allocator<char> >, std::__cxx11::basic_string<char, std::char_traits<char>, std::allocator<char> >) (Graph.h:239)
==13225==    by 0x10C07F: main (Main.cpp:8)
==13225== 
==13225== 72,704 bytes in 1 blocks are still reachable in loss record 6 of 6
==13225==    at 0x4848899: malloc (in /usr/libexec/valgrind/vgpreload_memcheck-amd64-linux.so)
==13225==    by 0x4918939: ??? (in /usr/lib/x86_64-linux-gnu/libstdc++.so.6.0.30)
==13225==    by 0x400647D: call_init.part.0 (dl-init.c:70)
==13225==    by 0x4006567: call_init (dl-init.c:33)
==13225==    by 0x4006567: _dl_init (dl-init.c:117)
==13225==    by 0x40202C9: ??? (in /usr/lib/x86_64-linux-gnu/ld-linux-x86-64.so.2)
==13225== 
==13225== LEAK SUMMARY:
==13225==    definitely lost: 0 bytes in 0 blocks
==13225==    indirectly lost: 0 bytes in 0 blocks
==13225==      possibly lost: 0 bytes in 0 blocks
==13225==    still reachable: 73,728 bytes in 6 blocks
==13225==                       of which reachable via heuristic:
==13225==                         newarray           : 968 bytes in 1 blocks
==13225==         suppressed: 0 bytes in 0 blocks
==13225== 
==13225== For lists of detected and suppressed errors, rerun with: -s
==13225== ERROR SUMMARY: 4 errors from 4 contexts (suppressed: 0 from 0)
